<?xml version="1.0" encoding="UTF-8"?>
<testsuite xmlns:xsi="http://www.w3.org/2001/XMLSchema-instance" xsi:noNamespaceSchemaLocation="https://maven.apache.org/surefire/maven-surefire-plugin/xsd/surefire-test-report.xsd" version="3.0.2" name="com.motormindhub.Api.service.gestioneAmministrazioneUtenti.GestioneAmministrazioneUtentiTest" time="0.584" tests="24" errors="0" skipped="0" failures="0" flakes="0">
  <properties>
[...]
</properties>
  <testcase name="exportUserDataAssisted_lanciaEccezione_quandoUtenteInesistente" classname="com.motormindhub.Api.service.gestioneAmministrazioneUtenti.GestioneAmministrazioneUtentiTest" time="0.478"/>
  <testcase name="reactivateAccount_riattivaEPubblicaEventoELoggaAzione_quandoAccountSospeso" classname="com.motormindhub.Api.service.gestioneAmministrazioneUtenti.GestioneAmministrazioneUtentiTest" time="0.004"/>
  <testcase name="processAccountDeletion_anonimizzaUtenteECompletaRichiesta_quandoNessunContenutoInSospeso" classname="com.motormindhub.Api.service.gestioneAmministrazioneUtenti.GestioneAmministrazioneUtentiTest" time="0.003"/>
  <testcase name="getReportsQueue_mappaLeSegnalazioniInDTO" classname="com.motormindhub.Api.service.gestioneAmministrazioneUtenti.GestioneAmministrazioneUtentiTest" time="0.003"/>
  <testcase name="reactivateAccount_lanciaEccezione_quandoAccountNonSospeso" classname="com.motormindhub.Api.service.gestioneAmministrazioneUtenti.GestioneAmministrazioneUtentiTest" time="0.003"/>
  <testcase name="suspendAccount_sospendeEPubblicaEventoELoggaAzione_quandoAccountAttivoEMotivazioneValida" classname="com.motormindhub.Api.service.gestioneAmministrazioneUtenti.GestioneAmministrazioneUtentiTest" time="0.003"/>
  <testcase name="searchUsers_mappaGliUtentiTrovatiInDTO" classname="com.motormindhub.Api.service.gestioneAmministrazioneUtenti.GestioneAmministrazioneUtentiTest" time="0.003"/>
  <testcase name="resolveReport_lanciaEccezione_quandoNuovoStatoNonValido" classname="com.motormindhub.Api.service.gestioneAmministrazioneUtenti.GestioneAmministrazioneUtentiTest" time="0.004"/>
  <testcase name="processAccountDeletion_lanciaEccezione_quandoRichiestaGiaElaborata" classname="com.motormindhub.Api.service.gestioneAmministrazioneUtenti.GestioneAmministrazioneUtentiTest" time="0.003"/>
  <testcase name="processAccountDeletion_lanciaEccezione_quandoRichiestaInesistente" classname="com.motormindhub.Api.service.gestioneAmministrazioneUtenti.GestioneAmministrazioneUtentiTest" time="0.003"/>
  <testcase name="processAccountDeletion_lanciaEccezione_quandoContenutiInSospeso" classname="com.motormindhub.Api.service.gestioneAmministrazioneUtenti.GestioneAmministrazioneUtentiTest" time="0.003"/>
  <testcase name="reactivateAccount_lanciaEccezione_quandoUtenteInesistente" classname="com.motormindhub.Api.service.gestioneAmministrazioneUtenti.GestioneAmministrazioneUtentiTest" time="0.004"/>
  <testcase name="getAdministrativeActionLog_filtraPerQueryLibera" classname="com.motormindhub.Api.service.gestioneAmministrazioneUtenti.GestioneAmministrazioneUtentiTest" time="0.004"/>
  <testcase name="suspendAccount_lanciaEccezione_quandoUtenteInesistente" classname="com.motormindhub.Api.service.gestioneAmministrazioneUtenti.GestioneAmministrazioneUtentiTest" time="0.002"/>
  <testcase name="suspendAccount_includeLeNoteAggiuntiveNelTestoDellEvento_quandoPresenti" classname="com.motormindhub.Api.service.gestioneAmministrazioneUtenti.GestioneAmministrazioneUtentiTest" time="0.004"/>
  <testcase name="resolveReport_lanciaEccezione_quandoSegnalazioneGiaArchiviata" classname="com.motormindhub.Api.service.gestioneAmministrazioneUtenti.GestioneAmministrazioneUtentiTest" time="0.005"/>
  <testcase name="getUserManagementDashboard_restituisceIContatoriAggregati" classname="com.motormindhub.Api.service.gestioneAmministrazioneUtenti.GestioneAmministrazioneUtentiTest" time="0.004"/>
  <testcase name="resolveReport_lanciaEccezione_quandoSegnalazioneInesistente" classname="com.motormindhub.Api.service.gestioneAmministrazioneUtenti.GestioneAmministrazioneUtentiTest" time="0.006"/>
  <testcase name="suspendAccount_lanciaEccezione_quandoAccountNonAttivo" classname="com.motormindhub.Api.service.gestioneAmministrazioneUtenti.GestioneAmministrazioneUtentiTest" time="0.005"/>
  <testcase name="exportUserDataAssisted_loggaAzioneEPubblicaEvento_quandoUtenteEsiste" classname="com.motormindhub.Api.service.gestioneAmministrazioneUtenti.GestioneAmministrazioneUtentiTest" time="0.005"/>
  <testcase name="resolveReport_impostaInGestioneEPubblicaRichiestaModifica_quandoNuovoStatoInGestione" classname="com.motormindhub.Api.service.gestioneAmministrazioneUtenti.GestioneAmministrazioneUtentiTest" time="0.005"/>
  <testcase name="resolveReport_archiviaSenzaPubblicareEventi_quandoNuovoStatoArchiviata" classname="com.motormindhub.Api.service.gestioneAmministrazioneUtenti.GestioneAmministrazioneUtentiTest" time="0.004"/>
  <testcase name="suspendAccount_lanciaEccezione_quandoMotivazioneNulla" classname="com.motormindhub.Api.service.gestioneAmministrazioneUtenti.GestioneAmministrazioneUtentiTest" time="0.004"/>
  <testcase name="getDeletionRequestsQueue_mappaLeRichiesteInDTO" classname="com.motormindhub.Api.service.gestioneAmministrazioneUtenti.GestioneAmministrazioneUtentiTest" time="0.003"/>
</testsuite>